
*** Running vivado
    with args -log toplevel.vds -m64 -product Vivado -mode batch -messageDb vivado.pb -notrace -source toplevel.tcl

awk: symbol lookup error: awk: undefined symbol: mpfr_z_sub

****** Vivado v2016.4 (64-bit)
  **** SW Build 1756540 on Mon Jan 23 19:11:19 MST 2017
  **** IP Build 1755317 on Mon Jan 23 20:30:07 MST 2017
    ** Copyright 1986-2016 Xilinx, Inc. All Rights Reserved.

source toplevel.tcl -notrace
Command: synth_design -top toplevel -part xc7a200tsbg484-1
Starting synth_design
Attempting to get a license for feature 'Synthesis' and/or device 'xc7a200t'
INFO: [Common 17-349] Got license for feature 'Synthesis' and/or device 'xc7a200t'
INFO: Launching helper process for spawning children vivado processes
INFO: Helper process launched with PID 5806 
awk: symbol lookup error: awk: undefined symbol: mpfr_z_sub
---------------------------------------------------------------------------------
Starting RTL Elaboration : Time (s): cpu = 00:00:05 ; elapsed = 00:00:05 . Memory (MB): peak = 1068.547 ; gain = 138.086 ; free physical = 35909 ; free virtual = 58014
---------------------------------------------------------------------------------
INFO: [Synth 8-638] synthesizing module 'toplevel' [/home/yanni/18.335/finalproj/DSP/DSP.srcs/sources_1/imports/new/toplevel.v:23]
INFO: [Synth 8-638] synthesizing module 'clk_wiz_0' [/home/yanni/18.335/finalproj/DSP/DSP.srcs/sources_1/ip/clk_wiz_0/clk_wiz_0.v:70]
INFO: [Synth 8-638] synthesizing module 'clk_wiz_0_clk_wiz' [/home/yanni/18.335/finalproj/DSP/DSP.srcs/sources_1/ip/clk_wiz_0/clk_wiz_0_clk_wiz.v:68]
INFO: [Synth 8-638] synthesizing module 'IBUF' [/opt/Xilinx/Vivado/2016.4/scripts/rt/data/unisim_comp.v:14146]
	Parameter CAPACITANCE bound to: DONT_CARE - type: string 
	Parameter IBUF_DELAY_VALUE bound to: 0 - type: string 
	Parameter IBUF_LOW_PWR bound to: TRUE - type: string 
	Parameter IFD_DELAY_VALUE bound to: AUTO - type: string 
	Parameter IOSTANDARD bound to: DEFAULT - type: string 
INFO: [Synth 8-256] done synthesizing module 'IBUF' (1#1) [/opt/Xilinx/Vivado/2016.4/scripts/rt/data/unisim_comp.v:14146]
INFO: [Synth 8-638] synthesizing module 'PLLE2_ADV' [/opt/Xilinx/Vivado/2016.4/scripts/rt/data/unisim_comp.v:32674]
	Parameter BANDWIDTH bound to: OPTIMIZED - type: string 
	Parameter CLKFBOUT_MULT bound to: 48 - type: integer 
	Parameter CLKFBOUT_PHASE bound to: 0.000000 - type: float 
	Parameter CLKIN1_PERIOD bound to: 10.000000 - type: float 
	Parameter CLKIN2_PERIOD bound to: 0.000000 - type: float 
	Parameter CLKOUT0_DIVIDE bound to: 20 - type: integer 
	Parameter CLKOUT0_DUTY_CYCLE bound to: 0.500000 - type: float 
	Parameter CLKOUT0_PHASE bound to: 0.000000 - type: float 
	Parameter CLKOUT1_DIVIDE bound to: 1 - type: integer 
	Parameter CLKOUT1_DUTY_CYCLE bound to: 0.500000 - type: float 
	Parameter CLKOUT1_PHASE bound to: 0.000000 - type: float 
	Parameter CLKOUT2_DIVIDE bound to: 1 - type: integer 
	Parameter CLKOUT2_DUTY_CYCLE bound to: 0.500000 - type: float 
	Parameter CLKOUT2_PHASE bound to: 0.000000 - type: float 
	Parameter CLKOUT3_DIVIDE bound to: 1 - type: integer 
	Parameter CLKOUT3_DUTY_CYCLE bound to: 0.500000 - type: float 
	Parameter CLKOUT3_PHASE bound to: 0.000000 - type: float 
	Parameter CLKOUT4_DIVIDE bound to: 1 - type: integer 
	Parameter CLKOUT4_DUTY_CYCLE bound to: 0.500000 - type: float 
	Parameter CLKOUT4_PHASE bound to: 0.000000 - type: float 
	Parameter CLKOUT5_DIVIDE bound to: 1 - type: integer 
	Parameter CLKOUT5_DUTY_CYCLE bound to: 0.500000 - type: float 
	Parameter CLKOUT5_PHASE bound to: 0.000000 - type: float 
	Parameter COMPENSATION bound to: ZHOLD - type: string 
	Parameter DIVCLK_DIVIDE bound to: 5 - type: integer 
	Parameter IS_CLKINSEL_INVERTED bound to: 1'b0 
	Parameter IS_PWRDWN_INVERTED bound to: 1'b0 
	Parameter IS_RST_INVERTED bound to: 1'b0 
	Parameter REF_JITTER1 bound to: 0.010000 - type: float 
	Parameter REF_JITTER2 bound to: 0.010000 - type: float 
	Parameter STARTUP_WAIT bound to: FALSE - type: string 
INFO: [Synth 8-256] done synthesizing module 'PLLE2_ADV' (2#1) [/opt/Xilinx/Vivado/2016.4/scripts/rt/data/unisim_comp.v:32674]
INFO: [Synth 8-638] synthesizing module 'BUFG' [/opt/Xilinx/Vivado/2016.4/scripts/rt/data/unisim_comp.v:607]
INFO: [Synth 8-256] done synthesizing module 'BUFG' (3#1) [/opt/Xilinx/Vivado/2016.4/scripts/rt/data/unisim_comp.v:607]
INFO: [Synth 8-256] done synthesizing module 'clk_wiz_0_clk_wiz' (4#1) [/home/yanni/18.335/finalproj/DSP/DSP.srcs/sources_1/ip/clk_wiz_0/clk_wiz_0_clk_wiz.v:68]
INFO: [Synth 8-256] done synthesizing module 'clk_wiz_0' (5#1) [/home/yanni/18.335/finalproj/DSP/DSP.srcs/sources_1/ip/clk_wiz_0/clk_wiz_0.v:70]
INFO: [Synth 8-638] synthesizing module 'divider' [/home/yanni/18.335/finalproj/DSP/DSP.srcs/sources_1/imports/new/divider.v:22]
	Parameter LOGLENGTH bound to: 2 - type: integer 
	Parameter COUNTVAL bound to: 1 - type: integer 
INFO: [Synth 8-256] done synthesizing module 'divider' (6#1) [/home/yanni/18.335/finalproj/DSP/DSP.srcs/sources_1/imports/new/divider.v:22]
INFO: [Synth 8-638] synthesizing module 'divider__parameterized0' [/home/yanni/18.335/finalproj/DSP/DSP.srcs/sources_1/imports/new/divider.v:22]
	Parameter LOGLENGTH bound to: 24 - type: integer 
	Parameter COUNTVAL bound to: 2400000 - type: integer 
INFO: [Synth 8-256] done synthesizing module 'divider__parameterized0' (6#1) [/home/yanni/18.335/finalproj/DSP/DSP.srcs/sources_1/imports/new/divider.v:22]
INFO: [Synth 8-638] synthesizing module 'divider__parameterized1' [/home/yanni/18.335/finalproj/DSP/DSP.srcs/sources_1/imports/new/divider.v:22]
	Parameter LOGLENGTH bound to: 14 - type: integer 
	Parameter COUNTVAL bound to: 2500 - type: integer 
INFO: [Synth 8-256] done synthesizing module 'divider__parameterized1' (6#1) [/home/yanni/18.335/finalproj/DSP/DSP.srcs/sources_1/imports/new/divider.v:22]
INFO: [Synth 8-638] synthesizing module 'adau1761_controller' [/home/yanni/18.335/finalproj/DSP/DSP.srcs/sources_1/imports/new/adau1761_controller.v:40]
INFO: [Synth 8-638] synthesizing module 'i2cmaster' [/home/yanni/18.335/finalproj/DSP/DSP.srcs/sources_1/new/i2cmaster.v:23]
	Parameter RESET bound to: 0 - type: integer 
	Parameter START_CONDITION bound to: 1 - type: integer 
	Parameter SHIFT_OUT bound to: 2 - type: integer 
	Parameter STOP_CONDITION bound to: 3 - type: integer 
	Parameter WAIT_STATE bound to: 4 - type: integer 
INFO: [Synth 8-155] case statement is not full and has no default [/home/yanni/18.335/finalproj/DSP/DSP.srcs/sources_1/new/i2cmaster.v:64]
INFO: [Synth 8-256] done synthesizing module 'i2cmaster' (7#1) [/home/yanni/18.335/finalproj/DSP/DSP.srcs/sources_1/new/i2cmaster.v:23]
INFO: [Synth 8-256] done synthesizing module 'adau1761_controller' (8#1) [/home/yanni/18.335/finalproj/DSP/DSP.srcs/sources_1/imports/new/adau1761_controller.v:40]
INFO: [Synth 8-256] done synthesizing module 'toplevel' (9#1) [/home/yanni/18.335/finalproj/DSP/DSP.srcs/sources_1/imports/new/toplevel.v:23]
WARNING: [Synth 8-3331] design toplevel has unconnected port led[7]
WARNING: [Synth 8-3331] design toplevel has unconnected port led[6]
WARNING: [Synth 8-3331] design toplevel has unconnected port ja[7]
WARNING: [Synth 8-3331] design toplevel has unconnected port ja[6]
WARNING: [Synth 8-3331] design toplevel has unconnected port ja[5]
WARNING: [Synth 8-3331] design toplevel has unconnected port ja[4]
WARNING: [Synth 8-3331] design toplevel has unconnected port ja[3]
WARNING: [Synth 8-3331] design toplevel has unconnected port ja[2]
WARNING: [Synth 8-3331] design toplevel has unconnected port sw[7]
WARNING: [Synth 8-3331] design toplevel has unconnected port sw[6]
WARNING: [Synth 8-3331] design toplevel has unconnected port sw[5]
WARNING: [Synth 8-3331] design toplevel has unconnected port sw[4]
WARNING: [Synth 8-3331] design toplevel has unconnected port sw[3]
WARNING: [Synth 8-3331] design toplevel has unconnected port sw[2]
WARNING: [Synth 8-3331] design toplevel has unconnected port sw[1]
---------------------------------------------------------------------------------
Finished RTL Elaboration : Time (s): cpu = 00:00:05 ; elapsed = 00:00:05 . Memory (MB): peak = 1109.016 ; gain = 178.555 ; free physical = 35868 ; free virtual = 57972
---------------------------------------------------------------------------------

Report Check Netlist: 
+------+------------------+-------+---------+-------+------------------+
|      |Item              |Errors |Warnings |Status |Description       |
+------+------------------+-------+---------+-------+------------------+
|1     |multi_driven_nets |      0|        0|Passed |Multi driven nets |
+------+------------------+-------+---------+-------+------------------+
---------------------------------------------------------------------------------
Finished RTL Optimization Phase 1 : Time (s): cpu = 00:00:05 ; elapsed = 00:00:06 . Memory (MB): peak = 1109.016 ; gain = 178.555 ; free physical = 35868 ; free virtual = 57972
---------------------------------------------------------------------------------
INFO: [Netlist 29-17] Analyzing 2 Unisim elements for replacement
INFO: [Netlist 29-28] Unisim Transformation completed in 0 CPU seconds
INFO: [Device 21-403] Loading part xc7a200tsbg484-1
INFO: [Project 1-570] Preparing netlist for logic optimization

Processing XDC Constraints
Initializing timing engine
Parsing XDC File [/home/yanni/18.335/finalproj/DSP/DSP.srcs/sources_1/ip/clk_wiz_0/clk_wiz_0_board.xdc] for cell 'clkmon0/inst'
Finished Parsing XDC File [/home/yanni/18.335/finalproj/DSP/DSP.srcs/sources_1/ip/clk_wiz_0/clk_wiz_0_board.xdc] for cell 'clkmon0/inst'
Parsing XDC File [/home/yanni/18.335/finalproj/DSP/DSP.srcs/sources_1/ip/clk_wiz_0/clk_wiz_0.xdc] for cell 'clkmon0/inst'
Finished Parsing XDC File [/home/yanni/18.335/finalproj/DSP/DSP.srcs/sources_1/ip/clk_wiz_0/clk_wiz_0.xdc] for cell 'clkmon0/inst'
INFO: [Project 1-236] Implementation specific constraints were found while reading constraint file [/home/yanni/18.335/finalproj/DSP/DSP.srcs/sources_1/ip/clk_wiz_0/clk_wiz_0.xdc]. These constraints will be ignored for synthesis but will be used in implementation. Impacted constraints are listed in the file [.Xil/toplevel_propImpl.xdc].
Resolution: To avoid this warning, move constraints listed in [.Xil/toplevel_propImpl.xdc] to another XDC file and exclude this new file from synthesis with the used_in_synthesis property (File Properties dialog in GUI) and re-run elaboration/synthesis.
INFO: [Timing 38-2] Deriving generated clocks
Parsing XDC File [/home/yanni/18.335/finalproj/DSP/DSP.srcs/constrs_1/imports/verilog/NexysVideo_Master.xdc]
Finished Parsing XDC File [/home/yanni/18.335/finalproj/DSP/DSP.srcs/constrs_1/imports/verilog/NexysVideo_Master.xdc]
INFO: [Project 1-236] Implementation specific constraints were found while reading constraint file [/home/yanni/18.335/finalproj/DSP/DSP.srcs/constrs_1/imports/verilog/NexysVideo_Master.xdc]. These constraints will be ignored for synthesis but will be used in implementation. Impacted constraints are listed in the file [.Xil/toplevel_propImpl.xdc].
Resolution: To avoid this warning, move constraints listed in [.Xil/toplevel_propImpl.xdc] to another XDC file and exclude this new file from synthesis with the used_in_synthesis property (File Properties dialog in GUI) and re-run elaboration/synthesis.
Parsing XDC File [/home/yanni/18.335/finalproj/DSP/DSP.runs/synth_1/dont_touch.xdc]
Finished Parsing XDC File [/home/yanni/18.335/finalproj/DSP/DSP.runs/synth_1/dont_touch.xdc]
INFO: [Project 1-236] Implementation specific constraints were found while reading constraint file [/home/yanni/18.335/finalproj/DSP/DSP.runs/synth_1/dont_touch.xdc]. These constraints will be ignored for synthesis but will be used in implementation. Impacted constraints are listed in the file [.Xil/toplevel_propImpl.xdc].
Resolution: To avoid this warning, move constraints listed in [.Xil/toplevel_propImpl.xdc] to another XDC file and exclude this new file from synthesis with the used_in_synthesis property (File Properties dialog in GUI) and re-run elaboration/synthesis.
INFO: [Timing 38-2] Deriving generated clocks
Completed Processing XDC Constraints

INFO: [Project 1-111] Unisim Transformation Summary:
No Unisim elements were transformed.

Constraint Validation Runtime : Time (s): cpu = 00:00:00 ; elapsed = 00:00:00 . Memory (MB): peak = 1521.488 ; gain = 0.000 ; free physical = 35561 ; free virtual = 57666
---------------------------------------------------------------------------------
Finished Constraint Validation : Time (s): cpu = 00:00:13 ; elapsed = 00:00:13 . Memory (MB): peak = 1521.488 ; gain = 591.027 ; free physical = 35560 ; free virtual = 57665
---------------------------------------------------------------------------------
---------------------------------------------------------------------------------
Start Loading Part and Timing Information
---------------------------------------------------------------------------------
Loading part: xc7a200tsbg484-1
---------------------------------------------------------------------------------
Finished Loading Part and Timing Information : Time (s): cpu = 00:00:13 ; elapsed = 00:00:13 . Memory (MB): peak = 1521.488 ; gain = 591.027 ; free physical = 35560 ; free virtual = 57665
---------------------------------------------------------------------------------
---------------------------------------------------------------------------------
Start Applying 'set_property' XDC Constraints
---------------------------------------------------------------------------------
Applied set_property DONT_TOUCH = true for clkmon0/inst. (constraint file  /home/yanni/18.335/finalproj/DSP/DSP.runs/synth_1/dont_touch.xdc, line 10).
Applied set_property DONT_TOUCH = true for clkmon0. (constraint file  auto generated constraint, line ).
---------------------------------------------------------------------------------
Finished applying 'set_property' XDC Constraints : Time (s): cpu = 00:00:13 ; elapsed = 00:00:13 . Memory (MB): peak = 1521.488 ; gain = 591.027 ; free physical = 35560 ; free virtual = 57665
---------------------------------------------------------------------------------
INFO: [Synth 8-5544] ROM "output_reg" won't be mapped to Block RAM because address size (3) smaller than threshold (5)
INFO: [Synth 8-5546] ROM "output_reg" won't be mapped to RAM because it is too sparse
INFO: [Synth 8-5546] ROM "output_reg" won't be mapped to RAM because it is too sparse
INFO: [Synth 8-802] inferred FSM for state register 'curstate_reg' in module 'i2cmaster'
INFO: [Synth 8-5546] ROM "curstate" won't be mapped to RAM because it is too sparse
INFO: [Synth 8-5546] ROM "sda" won't be mapped to RAM because it is too sparse
INFO: [Synth 8-802] inferred FSM for state register 'curstate_reg' in module 'adau1761_controller'
INFO: [Synth 8-5546] ROM "curstate" won't be mapped to RAM because it is too sparse
INFO: [Synth 8-5546] ROM "ready" won't be mapped to RAM because it is too sparse
INFO: [Synth 8-5546] ROM "i2cstart" won't be mapped to RAM because it is too sparse
---------------------------------------------------------------------------------------------------
                   State |                     New Encoding |                Previous Encoding 
---------------------------------------------------------------------------------------------------
         START_CONDITION |                             0001 |                           000001
              WAIT_STATE |                             0010 |                           000100
               SHIFT_OUT |                             0100 |                           000010
                   RESET |                             1000 |                           000000
---------------------------------------------------------------------------------------------------
INFO: [Synth 8-3354] encoded FSM with state register 'curstate_reg' using encoding 'one-hot' in module 'i2cmaster'
---------------------------------------------------------------------------------------------------
                   State |                     New Encoding |                Previous Encoding 
---------------------------------------------------------------------------------------------------
                  iSTATE |                           000000 |                         00000000
                 iSTATE0 |                           000001 |                         00000001
                 iSTATE1 |                           000010 |                         00000010
                 iSTATE2 |                           000011 |                         00000011
                 iSTATE3 |                           000100 |                         00000100
                 iSTATE4 |                           000101 |                         00000101
                 iSTATE5 |                           000110 |                         00000110
                 iSTATE6 |                           000111 |                         00000111
                 iSTATE7 |                           001000 |                         00001000
                 iSTATE8 |                           001001 |                         00001001
                 iSTATE9 |                           001010 |                         00001010
                iSTATE10 |                           001011 |                         00001011
                iSTATE11 |                           001100 |                         00001100
                iSTATE12 |                           001101 |                         00001101
                iSTATE13 |                           001110 |                         00001110
                iSTATE14 |                           001111 |                         00001111
                iSTATE15 |                           010000 |                         00010000
                iSTATE16 |                           010001 |                         00010001
                iSTATE17 |                           010010 |                         00010010
                iSTATE18 |                           010011 |                         00010011
                iSTATE19 |                           010100 |                         00010100
                iSTATE20 |                           010101 |                         00010101
                iSTATE21 |                           010110 |                         00010110
                iSTATE22 |                           010111 |                         00010111
                iSTATE23 |                           011000 |                         00011000
                iSTATE24 |                           011001 |                         00011001
                iSTATE25 |                           011010 |                         00011010
                iSTATE26 |                           011011 |                         00011011
                iSTATE27 |                           011100 |                         00011100
                iSTATE28 |                           011101 |                         00011101
                iSTATE29 |                           011110 |                         00011110
                iSTATE30 |                           011111 |                         00011111
                iSTATE31 |                           100000 |                         00100000
                iSTATE32 |                           100001 |                         00100001
                iSTATE33 |                           100010 |                         00100010
                iSTATE34 |                           100011 |                         00100011
                iSTATE35 |                           100100 |                         00100100
                iSTATE36 |                           100101 |                         00100101
                iSTATE37 |                           100110 |                         00100110
                iSTATE38 |                           100111 |                         00100111
                iSTATE39 |                           101000 |                         00101000
                iSTATE40 |                           101001 |                         00101001
                iSTATE41 |                           101010 |                         00101010
                iSTATE42 |                           101011 |                         00101011
                iSTATE43 |                           101100 |                         00101100
                iSTATE44 |                           101101 |                         00101101
                iSTATE45 |                           101110 |                         00101110
---------------------------------------------------------------------------------------------------
INFO: [Synth 8-3354] encoded FSM with state register 'curstate_reg' using encoding 'sequential' in module 'adau1761_controller'
---------------------------------------------------------------------------------
Finished RTL Optimization Phase 2 : Time (s): cpu = 00:00:14 ; elapsed = 00:00:14 . Memory (MB): peak = 1521.488 ; gain = 591.027 ; free physical = 35559 ; free virtual = 57664
---------------------------------------------------------------------------------

Report RTL Partitions: 
+-+--------------+------------+----------+
| |RTL Partition |Replication |Instances |
+-+--------------+------------+----------+
+-+--------------+------------+----------+
---------------------------------------------------------------------------------
Start RTL Component Statistics 
---------------------------------------------------------------------------------
Detailed RTL Component Info : 
+---Adders : 
	   2 Input     25 Bit       Adders := 1     
	   2 Input     15 Bit       Adders := 1     
	   2 Input      8 Bit       Adders := 1     
	   3 Input      7 Bit       Adders := 1     
	   2 Input      3 Bit       Adders := 1     
+---Registers : 
	               81 Bit    Registers := 1     
	               25 Bit    Registers := 1     
	               15 Bit    Registers := 1     
	                8 Bit    Registers := 1     
	                3 Bit    Registers := 1     
	                1 Bit    Registers := 5     
+---Muxes : 
	  47 Input     81 Bit        Muxes := 1     
	   2 Input     25 Bit        Muxes := 1     
	   2 Input     15 Bit        Muxes := 1     
	   4 Input      8 Bit        Muxes := 1     
	   2 Input      8 Bit        Muxes := 1     
	  47 Input      8 Bit        Muxes := 1     
	  46 Input      6 Bit        Muxes := 1     
	   2 Input      3 Bit        Muxes := 1     
	   2 Input      1 Bit        Muxes := 7     
	   4 Input      1 Bit        Muxes := 4     
	  47 Input      1 Bit        Muxes := 4     
---------------------------------------------------------------------------------
Finished RTL Component Statistics 
---------------------------------------------------------------------------------
---------------------------------------------------------------------------------
Start RTL Hierarchical Component Statistics 
---------------------------------------------------------------------------------
Hierarchical RTL Component report 
Module divider 
Detailed RTL Component Info : 
+---Adders : 
	   2 Input      3 Bit       Adders := 1     
+---Registers : 
	                3 Bit    Registers := 1     
	                1 Bit    Registers := 1     
+---Muxes : 
	   2 Input      3 Bit        Muxes := 1     
	   2 Input      1 Bit        Muxes := 1     
Module divider__parameterized0 
Detailed RTL Component Info : 
+---Adders : 
	   2 Input     25 Bit       Adders := 1     
+---Registers : 
	               25 Bit    Registers := 1     
	                1 Bit    Registers := 1     
+---Muxes : 
	   2 Input     25 Bit        Muxes := 1     
	   2 Input      1 Bit        Muxes := 1     
Module divider__parameterized1 
Detailed RTL Component Info : 
+---Adders : 
	   2 Input     15 Bit       Adders := 1     
+---Registers : 
	               15 Bit    Registers := 1     
	                1 Bit    Registers := 1     
+---Muxes : 
	   2 Input     15 Bit        Muxes := 1     
	   2 Input      1 Bit        Muxes := 1     
Module i2cmaster 
Detailed RTL Component Info : 
+---Adders : 
	   2 Input      8 Bit       Adders := 1     
	   3 Input      7 Bit       Adders := 1     
+---Muxes : 
	   4 Input      8 Bit        Muxes := 1     
	   2 Input      8 Bit        Muxes := 1     
	   2 Input      1 Bit        Muxes := 4     
	   4 Input      1 Bit        Muxes := 4     
Module adau1761_controller 
Detailed RTL Component Info : 
+---Registers : 
	               81 Bit    Registers := 1     
	                8 Bit    Registers := 1     
	                1 Bit    Registers := 2     
+---Muxes : 
	  47 Input     81 Bit        Muxes := 1     
	  47 Input      8 Bit        Muxes := 1     
	  46 Input      6 Bit        Muxes := 1     
	  47 Input      1 Bit        Muxes := 4     
---------------------------------------------------------------------------------
Finished RTL Hierarchical Component Statistics
---------------------------------------------------------------------------------
---------------------------------------------------------------------------------
Start Part Resource Summary
---------------------------------------------------------------------------------
Part Resources:
DSPs: 740 (col length:100)
BRAMs: 730 (col length: RAMB18 100 RAMB36 50)
---------------------------------------------------------------------------------
Finished Part Resource Summary
---------------------------------------------------------------------------------
---------------------------------------------------------------------------------
Start Cross Boundary and Area Optimization
---------------------------------------------------------------------------------
INFO: [Synth 8-5544] ROM "cdecmclkmon/output_reg" won't be mapped to Block RAM because address size (3) smaller than threshold (5)
INFO: [Synth 8-5546] ROM "fsmclkmon/output_reg" won't be mapped to RAM because it is too sparse
INFO: [Synth 8-5546] ROM "serialclkmon/output_reg" won't be mapped to RAM because it is too sparse
INFO: [Synth 8-5546] ROM "codec/adaui2c/sda" won't be mapped to RAM because it is too sparse
INFO: [Synth 8-5546] ROM "codec/adaui2c/curstate" won't be mapped to RAM because it is too sparse
INFO: [Synth 8-5546] ROM "fsmclkmon/output_reg" won't be mapped to RAM because it is too sparse
INFO: [Synth 8-5546] ROM "serialclkmon/output_reg" won't be mapped to RAM because it is too sparse
WARNING: [Synth 8-3331] design toplevel has unconnected port led[7]
WARNING: [Synth 8-3331] design toplevel has unconnected port led[6]
WARNING: [Synth 8-3331] design toplevel has unconnected port ja[7]
WARNING: [Synth 8-3331] design toplevel has unconnected port ja[6]
WARNING: [Synth 8-3331] design toplevel has unconnected port ja[5]
WARNING: [Synth 8-3331] design toplevel has unconnected port ja[4]
WARNING: [Synth 8-3331] design toplevel has unconnected port ja[3]
WARNING: [Synth 8-3331] design toplevel has unconnected port ja[2]
WARNING: [Synth 8-3331] design toplevel has unconnected port sw[7]
WARNING: [Synth 8-3331] design toplevel has unconnected port sw[6]
WARNING: [Synth 8-3331] design toplevel has unconnected port sw[5]
WARNING: [Synth 8-3331] design toplevel has unconnected port sw[4]
WARNING: [Synth 8-3331] design toplevel has unconnected port sw[3]
WARNING: [Synth 8-3331] design toplevel has unconnected port sw[2]
WARNING: [Synth 8-3331] design toplevel has unconnected port sw[1]
WARNING: [Synth 8-3331] design toplevel has unconnected port AC_BCLK
INFO: [Synth 8-3886] merging instance 'codec/i2cdatacount_reg[7]' (FDE) to 'codec/i2cdatacount_reg[1]'
INFO: [Synth 8-3886] merging instance 'codec/i2cdatacount_reg[0]' (FDE) to 'codec/i2cdatacount_reg[4]'
INFO: [Synth 8-3886] merging instance 'codec/i2cdata_reg[80]' (FDE) to 'codec/i2cdatacount_reg[1]'
INFO: [Synth 8-3886] merging instance 'codec/i2cdata_reg[79]' (FDE) to 'codec/i2cdata_reg[78]'
INFO: [Synth 8-3886] merging instance 'codec/i2cdata_reg[78]' (FDE) to 'codec/i2cdata_reg[77]'
INFO: [Synth 8-3886] merging instance 'codec/i2cdata_reg[77]' (FDE) to 'codec/i2cdata_reg[75]'
INFO: [Synth 8-3886] merging instance 'codec/i2cdata_reg[76]' (FDE) to 'codec/i2cdatacount_reg[1]'
INFO: [Synth 8-3886] merging instance 'codec/i2cdata_reg[75]' (FDE) to 'codec/i2cdata_reg[74]'
INFO: [Synth 8-3886] merging instance 'codec/i2cdata_reg[74]' (FDE) to 'codec/i2cdata_reg[70]'
INFO: [Synth 8-3886] merging instance 'codec/i2cdata_reg[73]' (FDE) to 'codec/i2cdatacount_reg[1]'
INFO: [Synth 8-3886] merging instance 'codec/i2cdata_reg[72]' (FDE) to 'codec/i2cdatacount_reg[1]'
INFO: [Synth 8-3886] merging instance 'codec/i2cdata_reg[71]' (FDE) to 'codec/i2cdatacount_reg[1]'
INFO: [Synth 8-3886] merging instance 'codec/i2cdata_reg[69]' (FDE) to 'codec/i2cdatacount_reg[1]'
INFO: [Synth 8-3886] merging instance 'codec/i2cdata_reg[68]' (FDE) to 'codec/i2cdatacount_reg[1]'
INFO: [Synth 8-3886] merging instance 'codec/i2cdata_reg[67]' (FDE) to 'codec/i2cdatacount_reg[1]'
INFO: [Synth 8-3886] merging instance 'codec/i2cdata_reg[66]' (FDE) to 'codec/i2cdatacount_reg[1]'
INFO: [Synth 8-3886] merging instance 'codec/i2cdata_reg[65]' (FDE) to 'codec/i2cdatacount_reg[1]'
INFO: [Synth 8-3886] merging instance 'codec/i2cdata_reg[64]' (FDE) to 'codec/i2cdatacount_reg[1]'
INFO: [Synth 8-3886] merging instance 'codec/i2cdata_reg[63]' (FDE) to 'codec/i2cdatacount_reg[1]'
INFO: [Synth 8-3886] merging instance 'codec/i2cdata_reg[54]' (FDE) to 'codec/i2cdatacount_reg[1]'
INFO: [Synth 8-3886] merging instance 'codec/i2cdata_reg[45]' (FDE) to 'codec/i2cdatacount_reg[1]'
INFO: [Synth 8-3886] merging instance 'codec/i2cdata_reg[44]' (FDE) to 'codec/i2cdatacount_reg[1]'
INFO: [Synth 8-3886] merging instance 'codec/i2cdata_reg[42]' (FDE) to 'codec/i2cdata_reg[41]'
INFO: [Synth 8-3886] merging instance 'codec/i2cdata_reg[41]' (FDE) to 'codec/i2cdata_reg[40]'
INFO: [Synth 8-3886] merging instance 'codec/i2cdata_reg[40]' (FDE) to 'codec/i2cdata_reg[39]'
INFO: [Synth 8-3886] merging instance 'codec/i2cdata_reg[39]' (FDE) to 'codec/i2cdata_reg[37]'
INFO: [Synth 8-3886] merging instance 'codec/i2cdata_reg[38]' (FDE) to 'codec/i2cdatacount_reg[1]'
INFO: [Synth 8-3886] merging instance 'codec/i2cdata_reg[37]' (FDE) to 'codec/i2cdata_reg[22]'
INFO: [Synth 8-3886] merging instance 'codec/i2cdata_reg[36]' (FDE) to 'codec/i2cdatacount_reg[1]'
INFO: [Synth 8-3886] merging instance 'codec/i2cdata_reg[35]' (FDE) to 'codec/i2cdatacount_reg[1]'
INFO: [Synth 8-3886] merging instance 'codec/i2cdata_reg[34]' (FDE) to 'codec/i2cdatacount_reg[1]'
INFO: [Synth 8-3886] merging instance 'codec/i2cdata_reg[33]' (FDE) to 'codec/i2cdatacount_reg[1]'
INFO: [Synth 8-3886] merging instance 'codec/i2cdata_reg[32]' (FDE) to 'codec/i2cdatacount_reg[1]'
INFO: [Synth 8-3886] merging instance 'codec/i2cdata_reg[31]' (FDE) to 'codec/i2cdatacount_reg[1]'
INFO: [Synth 8-3886] merging instance 'codec/i2cdata_reg[30]' (FDE) to 'codec/i2cdatacount_reg[1]'
INFO: [Synth 8-3886] merging instance 'codec/i2cdata_reg[29]' (FDE) to 'codec/i2cdatacount_reg[1]'
INFO: [Synth 8-3886] merging instance 'codec/i2cdata_reg[28]' (FDE) to 'codec/i2cdatacount_reg[1]'
INFO: [Synth 8-3886] merging instance 'codec/i2cdata_reg[27]' (FDE) to 'codec/i2cdatacount_reg[1]'
INFO: [Synth 8-3886] merging instance 'codec/i2cdata_reg[26]' (FDE) to 'codec/i2cdatacount_reg[1]'
INFO: [Synth 8-3886] merging instance 'codec/i2cdata_reg[25]' (FDE) to 'codec/i2cdatacount_reg[1]'
INFO: [Synth 8-3886] merging instance 'codec/i2cdata_reg[24]' (FDE) to 'codec/i2cdatacount_reg[1]'
INFO: [Synth 8-3886] merging instance 'codec/i2cdata_reg[23]' (FDE) to 'codec/i2cdatacount_reg[1]'
INFO: [Synth 8-3886] merging instance 'codec/i2cdata_reg[22]' (FDE) to 'codec/i2cdata_reg[21]'
INFO: [Synth 8-3886] merging instance 'codec/i2cdata_reg[21]' (FDE) to 'codec/i2cdata_reg[15]'
INFO: [Synth 8-3886] merging instance 'codec/i2cdata_reg[20]' (FDE) to 'codec/i2cdatacount_reg[1]'
INFO: [Synth 8-3886] merging instance 'codec/i2cdata_reg[19]' (FDE) to 'codec/i2cdatacount_reg[1]'
INFO: [Synth 8-3886] merging instance 'codec/i2cdata_reg[18]' (FDE) to 'codec/i2cdatacount_reg[1]'
INFO: [Synth 8-3886] merging instance 'codec/i2cdata_reg[17]' (FDE) to 'codec/i2cdatacount_reg[1]'
INFO: [Synth 8-3886] merging instance 'codec/i2cdata_reg[16]' (FDE) to 'codec/i2cdatacount_reg[1]'
INFO: [Synth 8-3886] merging instance 'codec/i2cdata_reg[15]' (FDE) to 'codec/i2cdata_reg[11]'
INFO: [Synth 8-3886] merging instance 'codec/i2cdata_reg[14]' (FDE) to 'codec/i2cdatacount_reg[1]'
INFO: [Synth 8-3886] merging instance 'codec/i2cdata_reg[13]' (FDE) to 'codec/i2cdatacount_reg[1]'
INFO: [Synth 8-3886] merging instance 'codec/i2cdata_reg[12]' (FDE) to 'codec/i2cdatacount_reg[1]'
INFO: [Synth 8-3886] merging instance 'codec/i2cdata_reg[11]' (FDE) to 'codec/i2cdata_reg[10]'
INFO: [Synth 8-3886] merging instance 'codec/i2cdata_reg[10]' (FDE) to 'codec/i2cdata_reg[1]'
INFO: [Synth 8-3886] merging instance 'codec/i2cdata_reg[9]' (FDE) to 'codec/i2cdatacount_reg[1]'
INFO: [Synth 8-3886] merging instance 'codec/i2cdata_reg[8]' (FDE) to 'codec/i2cdatacount_reg[1]'
INFO: [Synth 8-3886] merging instance 'codec/i2cdata_reg[7]' (FDE) to 'codec/i2cdatacount_reg[1]'
INFO: [Synth 8-3886] merging instance 'codec/i2cdata_reg[6]' (FDE) to 'codec/i2cdatacount_reg[1]'
INFO: [Synth 8-3886] merging instance 'codec/i2cdata_reg[5]' (FDE) to 'codec/i2cdatacount_reg[1]'
INFO: [Synth 8-3886] merging instance 'codec/i2cdata_reg[4]' (FDE) to 'codec/i2cdatacount_reg[1]'
INFO: [Synth 8-3886] merging instance 'codec/i2cdata_reg[3]' (FDE) to 'codec/i2cdatacount_reg[1]'
INFO: [Synth 8-3886] merging instance 'codec/i2cdata_reg[2]' (FDE) to 'codec/i2cdatacount_reg[1]'
INFO: [Synth 8-3886] merging instance 'codec/i2cdata_reg[0]' (FDE) to 'codec/i2cdatacount_reg[1]'
INFO: [Synth 8-3886] merging instance 'codec/i2cdatacount_reg[1]' (FDE) to 'codec/i2cdatacount_reg[3]'
INFO: [Synth 8-3333] propagating constant 0 across sequential element (\codec/i2cdatacount_reg[3] )
WARNING: [Synth 8-3332] Sequential element (codec/i2cdatacount_reg[3]) is unused and will be removed from module toplevel.
---------------------------------------------------------------------------------
Finished Cross Boundary and Area Optimization : Time (s): cpu = 00:00:14 ; elapsed = 00:00:14 . Memory (MB): peak = 1521.488 ; gain = 591.027 ; free physical = 35560 ; free virtual = 57664
---------------------------------------------------------------------------------
---------------------------------------------------------------------------------
Start ROM, RAM, DSP and Shift Register Reporting
---------------------------------------------------------------------------------

ROM:
+------------+--------------------+---------------+----------------+
|Module Name | RTL Object         | Depth x Width | Implemented As | 
+------------+--------------------+---------------+----------------+
|toplevel    | codec/i2cdatacount | 64x8          | LUT            | 
|toplevel    | codec/i2cdata      | 64x81         | LUT            | 
+------------+--------------------+---------------+----------------+

---------------------------------------------------------------------------------
Finished ROM, RAM, DSP and Shift Register Reporting
---------------------------------------------------------------------------------

Report RTL Partitions: 
+-+--------------+------------+----------+
| |RTL Partition |Replication |Instances |
+-+--------------+------------+----------+
+-+--------------+------------+----------+
---------------------------------------------------------------------------------
Start Timing Optimization
---------------------------------------------------------------------------------
---------------------------------------------------------------------------------
Start Applying XDC Timing Constraints
---------------------------------------------------------------------------------
---------------------------------------------------------------------------------
Finished Applying XDC Timing Constraints : Time (s): cpu = 00:00:20 ; elapsed = 00:00:20 . Memory (MB): peak = 1521.488 ; gain = 591.027 ; free physical = 35558 ; free virtual = 57662
---------------------------------------------------------------------------------
---------------------------------------------------------------------------------
Finished Timing Optimization : Time (s): cpu = 00:00:20 ; elapsed = 00:00:20 . Memory (MB): peak = 1521.488 ; gain = 591.027 ; free physical = 35558 ; free virtual = 57662
---------------------------------------------------------------------------------

Report RTL Partitions: 
+-+--------------+------------+----------+
| |RTL Partition |Replication |Instances |
+-+--------------+------------+----------+
+-+--------------+------------+----------+
---------------------------------------------------------------------------------
Start Technology Mapping
---------------------------------------------------------------------------------
INFO: [Synth 8-3886] merging instance 'codec/i2cdatacount_reg[2]' (FDE) to 'codec/i2cdatacount_reg[5]'
INFO: [Synth 8-3886] merging instance 'codec/i2cdatacount_reg[6]' (FDE) to 'codec/i2cdatacount_reg[4]'
INFO: [Synth 8-3886] merging instance 'codec/i2cdata_reg[43]' (FDE) to 'codec/i2cdata_reg[1]'
INFO: [Synth 8-3886] merging instance 'codec/i2cdata_reg[62]' (FDE) to 'codec/i2cdata_reg[61]'
---------------------------------------------------------------------------------
Finished Technology Mapping : Time (s): cpu = 00:00:20 ; elapsed = 00:00:20 . Memory (MB): peak = 1521.488 ; gain = 591.027 ; free physical = 35558 ; free virtual = 57662
---------------------------------------------------------------------------------

Report RTL Partitions: 
+-+--------------+------------+----------+
| |RTL Partition |Replication |Instances |
+-+--------------+------------+----------+
+-+--------------+------------+----------+
---------------------------------------------------------------------------------
Start IO Insertion
---------------------------------------------------------------------------------
---------------------------------------------------------------------------------
Start Flattening Before IO Insertion
---------------------------------------------------------------------------------
---------------------------------------------------------------------------------
Finished Flattening Before IO Insertion
---------------------------------------------------------------------------------
---------------------------------------------------------------------------------
Start Final Netlist Cleanup
---------------------------------------------------------------------------------
---------------------------------------------------------------------------------
Finished Final Netlist Cleanup
---------------------------------------------------------------------------------
---------------------------------------------------------------------------------
Finished IO Insertion : Time (s): cpu = 00:00:20 ; elapsed = 00:00:20 . Memory (MB): peak = 1521.488 ; gain = 591.027 ; free physical = 35558 ; free virtual = 57662
---------------------------------------------------------------------------------

Report Check Netlist: 
+------+------------------+-------+---------+-------+------------------+
|      |Item              |Errors |Warnings |Status |Description       |
+------+------------------+-------+---------+-------+------------------+
|1     |multi_driven_nets |      0|        0|Passed |Multi driven nets |
+------+------------------+-------+---------+-------+------------------+
---------------------------------------------------------------------------------
Start Renaming Generated Instances
---------------------------------------------------------------------------------
---------------------------------------------------------------------------------
Finished Renaming Generated Instances : Time (s): cpu = 00:00:20 ; elapsed = 00:00:20 . Memory (MB): peak = 1521.488 ; gain = 591.027 ; free physical = 35558 ; free virtual = 57662
---------------------------------------------------------------------------------

Report RTL Partitions: 
+-+--------------+------------+----------+
| |RTL Partition |Replication |Instances |
+-+--------------+------------+----------+
+-+--------------+------------+----------+
---------------------------------------------------------------------------------
Start Rebuilding User Hierarchy
---------------------------------------------------------------------------------
---------------------------------------------------------------------------------
Finished Rebuilding User Hierarchy : Time (s): cpu = 00:00:20 ; elapsed = 00:00:20 . Memory (MB): peak = 1521.488 ; gain = 591.027 ; free physical = 35558 ; free virtual = 57662
---------------------------------------------------------------------------------
---------------------------------------------------------------------------------
Start Renaming Generated Ports
---------------------------------------------------------------------------------
---------------------------------------------------------------------------------
Finished Renaming Generated Ports : Time (s): cpu = 00:00:20 ; elapsed = 00:00:20 . Memory (MB): peak = 1521.488 ; gain = 591.027 ; free physical = 35558 ; free virtual = 57662
---------------------------------------------------------------------------------
---------------------------------------------------------------------------------
Start Handling Custom Attributes
---------------------------------------------------------------------------------
---------------------------------------------------------------------------------
Finished Handling Custom Attributes : Time (s): cpu = 00:00:20 ; elapsed = 00:00:20 . Memory (MB): peak = 1521.488 ; gain = 591.027 ; free physical = 35558 ; free virtual = 57662
---------------------------------------------------------------------------------
---------------------------------------------------------------------------------
Start Renaming Generated Nets
---------------------------------------------------------------------------------
---------------------------------------------------------------------------------
Finished Renaming Generated Nets : Time (s): cpu = 00:00:20 ; elapsed = 00:00:20 . Memory (MB): peak = 1521.488 ; gain = 591.027 ; free physical = 35558 ; free virtual = 57662
---------------------------------------------------------------------------------
---------------------------------------------------------------------------------
Start Writing Synthesis Report
---------------------------------------------------------------------------------

Report BlackBoxes: 
+-+--------------+----------+
| |BlackBox name |Instances |
+-+--------------+----------+
+-+--------------+----------+

Report Cell Usage: 
+------+----------+------+
|      |Cell      |Count |
+------+----------+------+
|1     |BUFG      |     2|
|2     |CARRY4    |    12|
|3     |LUT1      |    43|
|4     |LUT2      |    10|
|5     |LUT3      |     5|
|6     |LUT4      |    10|
|7     |LUT5      |    13|
|8     |LUT6      |    45|
|9     |PLLE2_ADV |     1|
|10    |FDRE      |    84|
|11    |FDSE      |     2|
|12    |IBUF      |     4|
|13    |OBUF      |    12|
|14    |OBUFT     |     2|
+------+----------+------+

Report Instance Areas: 
+------+---------------+------------------------+------+
|      |Instance       |Module                  |Cells |
+------+---------------+------------------------+------+
|1     |top            |                        |   245|
|2     |  clkmon0      |clk_wiz_0               |     4|
|3     |    inst       |clk_wiz_0_clk_wiz       |     4|
|4     |  cdecmclkmon  |divider                 |     8|
|5     |  codec        |adau1761_controller     |   111|
|6     |    adaui2c    |i2cmaster               |    54|
|7     |  fsmclkmon    |divider__parameterized0 |    65|
|8     |  serialclkmon |divider__parameterized1 |    40|
+------+---------------+------------------------+------+
---------------------------------------------------------------------------------
Finished Writing Synthesis Report : Time (s): cpu = 00:00:20 ; elapsed = 00:00:20 . Memory (MB): peak = 1521.488 ; gain = 591.027 ; free physical = 35558 ; free virtual = 57662
---------------------------------------------------------------------------------
Synthesis finished with 0 errors, 0 critical warnings and 17 warnings.
Synthesis Optimization Runtime : Time (s): cpu = 00:00:14 ; elapsed = 00:00:14 . Memory (MB): peak = 1521.488 ; gain = 98.465 ; free physical = 35558 ; free virtual = 57662
Synthesis Optimization Complete : Time (s): cpu = 00:00:20 ; elapsed = 00:00:20 . Memory (MB): peak = 1521.488 ; gain = 591.027 ; free physical = 35558 ; free virtual = 57662
INFO: [Project 1-571] Translating synthesized netlist
INFO: [Netlist 29-17] Analyzing 17 Unisim elements for replacement
INFO: [Netlist 29-28] Unisim Transformation completed in 0 CPU seconds
INFO: [Project 1-570] Preparing netlist for logic optimization
INFO: [Opt 31-138] Pushed 0 inverter(s) to 0 load pin(s).
INFO: [Project 1-111] Unisim Transformation Summary:
No Unisim elements were transformed.

INFO: [Common 17-83] Releasing license: Synthesis
134 Infos, 32 Warnings, 0 Critical Warnings and 0 Errors encountered.
synth_design completed successfully
synth_design: Time (s): cpu = 00:00:19 ; elapsed = 00:00:19 . Memory (MB): peak = 1521.488 ; gain = 523.523 ; free physical = 35559 ; free virtual = 57664
INFO: [Common 17-1381] The checkpoint '/home/yanni/18.335/finalproj/DSP/DSP.runs/synth_1/toplevel.dcp' has been generated.
report_utilization: Time (s): cpu = 00:00:00.16 ; elapsed = 00:00:00.20 . Memory (MB): peak = 1545.500 ; gain = 0.000 ; free physical = 35559 ; free virtual = 57664
INFO: [Common 17-206] Exiting Vivado at Sun Apr 16 16:43:23 2017...
