Unable to capture context for thread 10272 in process 8256, can not generate back trace
Unable to capture context for thread 11252 in process 8256, can not generate back trace
Unable to capture context for thread 11140 in process 8256, can not generate back trace
Exception at PC 0x00007FFF10833C58
Exception at PC 0x00007FFF10833C58
Exception at PC 0x00007FFF10833C58
Exception at PC 0x00007FFEB5DFBB93
Printing stacktrace...

Exception at PC 0x00007FFF10833C58
Exception at PC 0x00007FFF10833C58
Exception at PC 0x00007FFF10833C58
Exception at PC 0x00007FFF10833C58
Exception at PC 0x00007FFF10833C58
Exception at PC 0x00007FFF10833C58
Exception at PC 0x00007FFF10833C58
Exception at PC 0x00007FFF10833C58
Exception at PC 0x00007FFF10833C58
Exception at PC 0x00007FFF10833C58
Exception at PC 0x00007FFF10833C58
Exception at PC 0x00007FFF10833C58
Exception at PC 0x00007FFF10833C58
Exception at PC 0x00007FFF10833C58
Exception at PC 0x00007FFF10833C58
[0]  [0x00007FFEB5DFBB93]
[1]  [0x00007FFEB5DFBB93]
[2]  [0x00007FFEB5DFB4A1]
[3]  [0x00007FFEB5DFB3EF]
[4]  [0x00007FFEB5DE19FE]
[5]  [0x00007FFEB5DE0ED1]
[6]  [0x00007FFEB5DE0D76]
[7]  [0x00007FFEB5D879F6]
[8]  [0x00007FFEB5D77AFB]
[9]  [0x00007FFEB5E9E90A]
[10]  [0x00007FFEB5EB9F87]
[11]  [0x00007FFEB5EBA05F]
[12] (BaseThreadInitThunk+0x14) [0x00007FFF11938364]
[13] (RtlUserThreadStart+0x21) [0x00007FFF139D70D1]
Done
Exception at PC 0x00007FFEB5B01A52
Attemped to write at address 0x00007FFEF0469BA4
Printing stacktrace...

[0]  [0x00007FFEB5B01A52]
[1]  [0x00007FFEB5B01A52]
[2]  [0x00007FFEB5B01AD4]
[3]  [0x00007FFEB5C43FF7]
[4]  [0x00007FFEB5B29128]
[5]  [0x00007FFEB5DDDFB9]
[6]  [0x00007FFEB5FAEF23]
[7]  [0x00007FFEB5EBB06B]
[8]  [0x00007FFEB5EB08AF]
[9]  [0x00007FFEB5EB0A32]
[10] (RtlDeactivateActivationContextUnsafeFast+0x1bf) [0x00007FFF1399A35F]
[11] (LdrShutdownProcess+0x14b) [0x00007FFF1397806B]
[12] (RtlExitUserProcess+0xb4) [0x00007FFF13977D94]
[13] (ExitProcess+0xa) [0x00007FFF1194CE6A]
[14] (exit+0x85) [0x00007FFF11CBA4A5]
[15] (initterm_e+0x231) [0x00007FFF11CBAB01]
[16]  [0x00000000004014CD]
[17]  [0x000000000040151B]
[18] (BaseThreadInitThunk+0x14) [0x00007FFF11938364]
[19] (RtlUserThreadStart+0x21) [0x00007FFF139D70D1]
Done
