Copyright 1986-2017 Xilinx, Inc. All Rights Reserved.
-------------------------------------------------------------------------------------
| Tool Version : Vivado v.2017.1 (win64) Build 1846317 Fri Apr 14 18:55:03 MDT 2017
| Date         : Sat Apr 22 03:22:48 2017
| Host         : DESKTOP-H30IADK running 64-bit major release  (build 9200)
| Command      : report_control_sets -verbose -file toplevel_control_sets_placed.rpt
| Design       : toplevel
| Device       : xc7a200t
-------------------------------------------------------------------------------------

Control Set Information

Table of Contents
-----------------
1. Summary
2. Flip-Flop Distribution
3. Detailed Control Set Information

1. Summary
----------

+----------------------------------------------------------+-------+
|                          Status                          | Count |
+----------------------------------------------------------+-------+
| Number of unique control sets                            |    11 |
| Unused register locations in slices containing registers |    33 |
+----------------------------------------------------------+-------+


2. Flip-Flop Distribution
-------------------------

+--------------+-----------------------+------------------------+-----------------+--------------+
| Clock Enable | Synchronous Set/Reset | Asynchronous Set/Reset | Total Registers | Total Slices |
+--------------+-----------------------+------------------------+-----------------+--------------+
| No           | No                    | No                     |              27 |           14 |
| No           | No                    | Yes                    |               0 |            0 |
| No           | Yes                   | No                     |              55 |           14 |
| Yes          | No                    | No                     |              23 |           14 |
| Yes          | No                    | Yes                    |               0 |            0 |
| Yes          | Yes                   | No                     |              14 |            5 |
+--------------+-----------------------+------------------------+-----------------+--------------+


3. Detailed Control Set Information
-----------------------------------

+----------------------------------------------+---------------------------------+--------------------------+------------------+----------------+
|                 Clock Signal                 |          Enable Signal          |     Set/Reset Signal     | Slice Load Count | Bel Load Count |
+----------------------------------------------+---------------------------------+--------------------------+------------------+----------------+
|  bclkmon/bclk_BUFG                           |                                 |                          |                2 |              2 |
|  fsmclkmon/fsmclk                            |                                 |                          |                2 |              2 |
| ~serialkclkmon/FSM_onehot_curstate_reg[4][0] | codec/adaui2c/__0/i__n_0        | codec/i2cstart_reg_n_0   |                1 |              3 |
| ~serialkclkmon/FSM_onehot_curstate_reg[4][0] | codec/adaui2c/__2/i__n_0        | codec/i2cstart_reg_n_0   |                2 |              5 |
|  clkmon0/inst/clk_out1                       |                                 | bclkmon/count[4]_i_1_n_0 |                1 |              5 |
|  fsmclkmon/fsmclk                            | codec/curstate_n_0              | led_OBUF[0]              |                2 |              6 |
| ~serialkclkmon/FSM_onehot_curstate_reg[4][0] | codec/adaui2c/curbit[7]_i_1_n_0 |                          |                6 |              8 |
|  fsmclkmon/fsmclk                            | codec/i2cdata[61]_i_1_n_0       |                          |                8 |             15 |
|  clkmon0/inst/clk_out1                       |                                 | fsmclkmon/outclk         |                5 |             18 |
|  clkmon0/inst/clk_out1                       |                                 |                          |               10 |             23 |
|  bclkmon/bclk_BUFG                           |                                 | tx/bit_cnt[0]_i_1_n_0    |                8 |             32 |
+----------------------------------------------+---------------------------------+--------------------------+------------------+----------------+


+--------+-----------------------+
| Fanout | Number of ControlSets |
+--------+-----------------------+
| 2      |                     2 |
| 3      |                     1 |
| 5      |                     2 |
| 6      |                     1 |
| 8      |                     1 |
| 15     |                     1 |
| 16+    |                     3 |
+--------+-----------------------+


