xxxxxxxxxxxxxxxxxxxxxxxxxxxxxxxxxxxxxxxxxxxxxxxxxx
00000000000000000000000000000000000000000000000000
00000000000000000000000000000000000000000000000000
00000000000000000000000000000000000000000000000000
00000000000000000000000000000000000000000000000000
00000000000000000000000000000000000000000000000000
00000000000000000000000000000000000000000000000000
00000000000000000000000000000000000000000000000000
00000000000000000000000000000000000000000000000000
00000000000000000000000000000000000000000000000000
00000000000000000000000000000000000000000000000000
00000000000000000000000000000000000000000000000000
00000000000000000000000000000000000000000000000000
00000000000000000000000000000000000000000000000000
00000000000000000000000000000000000000000000000000
00000000000000000000000000000000000000000000000000
00000000000000000000000000000000000000000000000000
00000000000000000000000000000000000000000000000000
00000000000000000000000000000000000000000000000000
00000000000000000000000000000000000000000000000000
00000000000000000000000000000000000000000000000000
00000000000000000000000000000000000000000000000000
00000000000000000000000000000000000000000000000000
00000000000000000000000000000000000000000000000000
00000000000000000000000000000000000000000000000000
00000000000000000000000000000000000000000000000000
00000000000000000000000000000000000000000000000000
00000000000000000000000000000000000000000000000000
00000000000000000000000000000000000000000000000000
00000000000000000000000000000000000000000000000000
00000000000000000000000000000000000000000000000000
00000000000000000000000000000000000000000000000000
00000000000000000000000000000000000000000000000000
00000000000000000000000000000000000000000000000000
00000000000000000000000000000000000000000000000000
00000000000000000000000000000000000000000000000000
00000000000000000000000000000000000000000000000000
00000000000000000000000000000000000000000000000000
00000000000000000000000000000000000000000000000000
00000000000000000000000000000000000000000000000000
00000000000000000000000000000000000000000000000000
00000000000000000000000000000000000000000000000000
00000000000000000000000000000000000000000000000000
00000000000000000000000000000000000000000000000000
00000000000000000000000000000000000000000000000000
00000000000000000000000000000000000000000000000000
00000000000000000000000000000000000000000000000000
00000000000000000000000000000000000000000000000000
00000000000000000000000000000000000000000000000000
00000000000000000000000000000000000000000000000000
00000000000000000000000000000000000000000000000000
00000000000000000000000000000000000000000000000000
00000000000000000000000000000000000000000000000000
00000000000000000000000000000000000000000000000000
00000000000000000000000000000000000000000000000000
00000000000000000000000000000000000000000000000000
00000000000000000000000000000000000000000000000000
00000000000000000000000000000000000000000000000000
00000000000000000000000000000000000000000000000000
00000000000000000000000000000000000000000000000000
00000000000000000000000000000000000000000000000000
00000000000000000000000000000000000000000000000000
00000000000000000000000000000000000000000000000000
00000000000000000000000000000000000000000000000000
00000000000000000000000000000000000000000000000000
00000000000000000000000000000000000000000000000000
00000000000000000000000000000000000000000000000000
00000000000000000000000000000000000000000000000000
00000000000000000000000000000000000000000000000000
00000000000000000000000000000000000000000000000000
00000000000000000000000000000000000000000000000000
00000000000000000000000000000000000000000000000000
00000000000000000000000000000000000000000000000000
00000000000000000000000000000000000000000000000000
00000000000000000000000000000000000000000000000000
00000000000000000000000000000000000000000000000000
00000000000000000000000000000000000000000000000000
00000000000000000000000000000000000000000000000000
00000000000000000000000000000000000000000000000000
00000000000000000000000000000000000000000000000000
00000000000000000000000000000000000000000000000000
00000000000000000000000000000000000000000000000000
00000000000000000000000000000000000000000000000000
00000000000000000000000000000000000000000000000000
00000000000000000000000000000000000000000000000000
00000000000000000000000000000000000000000000000000
00000000000000000000000000000000000000000000000000
00000000000000000000000000000000000000000000000000
00000000000000000000000000000000000000000000000000
00000000000000000000000000000000000000000000000000
00000000000000000000000000000000000000000000000000
00000000000000000000000000000000000000000000000000
00000000000000000000000000000000000000000000000000
00000000000000000000000000000000000000000000000000
00000000000000000000000000000000000000000000000000
00000000000000000000000000000000000000000000000000
00000000000000000000000000000000000000000000000000
00000000000000000000000000000000000000000000000000
00000000000000000000000000000000000000000000000000
00000000000000000000000000000000000000000000000000
00000000000000000000000000000000000000000000000000
00000000000000000000000000000000000000000000000000
00000000000000000000000000000000000000000000000000
00000000000000000000000000000000000000000000000000
00000000000000000000000000000000000000000000000000
00000000000000000000000000000000000000000000000000
00000000000000000000000000000000000000000000000000
00000000000000000000000000000000000000000000000000
00000000000000000000000000000000000000000000000000
00000000000000000000000000000000000000000000000000
00000000000000000000000000000000000000000000000000
00000000000000000000000000000000000000000000000000
00000000000000000000000000000000000000000000000000
00000000000000000000000000000000000000000000000000
00000000000000000000000000000000000000000000000000
00000000000000000000000000000000000000000000000000
00000000000000000000000000000000000000000000000000
00000000000000000000000000000000000000000000000000
00000000000000000000000000000000000000000000000000
00000000000000000000000000000000000000000000000000
00000000000000000000000000000000000000000000000000
00000000000000000000000000000000000000000000000000
00000000000000000000000000000000000000000000000000
00000000000000000000000000000000000000000000000000
00000000000000000000000000000000000000000000000000
00000000000000000000000000000000000000000000000000
00000000000000000000000000000000000000000000000000
00000000000000000000000000000000000000000000000000
00000000000000000000000000000000000000000000000000
00000000000000000000000000000000000000000000000000
00000000000000000000000000000000000000000000000000
00000000000000000000000000000000000000000000000000
00000000000000000000000000000000000000000000000000
00000000000000000000000000000000000000000000000000
00000000000000000000000000000000000000000000000000
00000000000000000000000000000000000000000000000000
00000000000000000000000000000000000000000000000000
00000000000000000000000000000000000000000000000000
00000000000000000000000000000000000000000000000000
00000000000000000000000000000000000000000000000000
00000000000000000000000000000000000000000000000000
00000000000000000000000000000000000000000000000000
00000000000000000000000000000000000000000000000000
00000000000000000000000000000000000000000000000000
00000000000000000000000000000000000000000000000000
00000000000000000000000000000000000000000000000000
00000000000000000000000000000000000000000000000000
00000000000000000000000000000000000000000000000000
00000000000000000000000000000000000000000000000000
00000000000000000000000000000000000000000000000000
00000000000000000000000000000000000000000000000000
00000000000000000000000000000000000000000000000000
00000000000000000000000000000000000000000000000000
00000000000000000000000000000000000000000000000000
00000000000000000000000000000000000000000000000000
00000000000000000000000000000000000000000000000000
00000000000000000000000000000000000000000000000000
00000000000000000000000000000000000000000000000000
00000000000000000000000000000000000000000000000000
00000000000000000000000000000000000000000000000000
00000000000000000000000000000000000000000000000000
00000000000000000000000000000000000000000000000000
00000000000000000000000000000000000000000000000000
00000000000000000000000000000000000000000000000000
00000000000000000000000000000000000000000000000000
00000000000000000000000000000000000000000000000000
00000000000000000000000000000000000000000000000000
00000000000000000000000000000000000000000000000000
00000000000000000000000000000000000000000000000000
00000000000000000000000000000000000000000000000000
00000000000000000000000000000000000000000000000000
00000000000000000000000000000000000000000000000000
00000000000000000000000000000000000000000000000000
00000000000000000000000000000000000000000000000000
00000000000000000000000000000000000000000000000000
00000000000000000000000000000000000000000000000000
00000000000000000000000000000000000000000000000000
00000000000000000000000000000000000000000000000000
00000000000000000000000000000000000000000000000000
00000000000000000000000000000000000000000000000000
00000000000000000000000000000000000000000000000000
00000000000000000000000000000000000000000000000000
00000000000000000000000000000000000000000000000000
00000000000000000000000000000000000000000000000000
00000000000000000000000000000000000000000000000000
00000000000000000000000000000000000000000000000000
00000000000000000000000000000000000000000000000000
00000000000000000000000000000000000000000000000000
00000000000000000000000000000000000000000000000000
00000000000000000000000000000000000000000000000000
00000000000000000000000000000000000000000000000000
00000000000000000000000000000000000000000000000000
00000000000000000000000000000000000000000000000000
00000000000000000000000000000000000000000000000000
00000000000000000000000000000000000000000000000000
00000000000000000000000000000000000000000000000000
00000000000000000000000000000000000000000000000000
00000000000000000000000000000000000000000000000000
00000000000000000000000000000000000000000000000000
00000000000000000000000000000000000000000000000000
00000000000000000000000000000000000000000000000000
00000000000000000000000000000000000000000000000000
00000000000000000000000000000000000000000000000000
00000000000000000000000000000000000000000000000000
00000000000000000000000000000000000000000000000000
00000000000000000000000000000000000000000000000000
00000000000000000000000000000000000000000000000000
00000000000000000000000000000000000000000000000000
00000000000000000000000000000000000000000000000000
11111111000001110111111111100001111100010000000001
00000001000010000110001101111111111000000011100101
11111111111111111000111010111111111000010001101111
11111111111111111001101001011111111000011110011100
11111111111111111010010110111111111000101001101110
11111111111111111011000101011111111000110011100011
11111111111111111011101111011111111000111100000100
11111111111111111100011001011111111001000011010001
11111111111111111100111010011111111001001001011100
11111111111111111101100100111111111001001110010010
11111111111111111110000110011111111001010010000101
11111111111111111110100011011111111001010100111110
11111111111111111111000000111111111001010110111100
11111111111111111111100010111111111001010111110110
11111111111111111111111011011111111001010111111111
00000000000000000000010100111111111001010111010101
00000000000000000000101101111111111001010101111001
00000000000000000001000111011111111001010011101010
00000000000000000001011100011111111001010000110001
00000000000000000001110000111111111001001101001111
00000000000000000011011001111111111001000110011011
11111111111111111101100100111111111001001011010001
00000000000000000111001101011111111000111100110110
00000000000000000011100010011111111000110101110001
00000000000000000010010110111111111000110001000011
00000000000000000010011110111111111000101100000101
00000000000000000011000000111111111000100110000011
00000000000000000011100110111111111000011110110101
00000000000000000100001011111111111000010110011101
00000000000000000100011101011111111000001101100010
00000000000000000100101101111111111000000100000110
00000000000000000100111010011111110111111010010001
00000000000000000100110110011111110111110000100100
00000000000000000100111010011111110111100110101111
00000000000000000100111010011111110111011100111010
00000000000000000101000010111111110111010010110100
00000000000000000101000010111111110111001000101110
00000000000000000101001011011111110110111110010111
00000000000000000101001111011111110110110011111000
00000000000000000101010111111111110110101001001000
00000000000000000101011011111111110110011110010000
00000000000000000110001001111111110110010001111100
00000000000000000100011000111111110110001001001010
00000000000000000110101111111111110101111011101010
00000000000000000110001010011111110101101111010101
00000000000000000101101100111111110101100011111011
00000000000000000101101000011111110101011000101010
00000000000000000101111001011111110101001100110111
00000000000000000110000101111111110101000000101011
00000000000000000110001010011111110100110100010110
00000000000000000110001001111111110100101000000010
00000000000000000110000001111111110100011011111110
00000000000000000101111101011111110100010000000011
00000000000000000101110101011111110100000100011000
00000000000000000101110000111111110011111000110110
00000000000000000101110000111111110011101101010100
00000000000000000101110101011111110011100001101001
00000000000000000101110101011111110011010101111110
00000000000000000101110000111111110011001010011100
00000000000000000101101100111111110010111111000010
00000000000000000101110000111111110010110011100000
00000000000000000101011111111111110010101000100000
00000000000000000101110101011111110010011100110101
00000000000000000100111110111111110010010010110111
00000000000000000101101000011111110010000111100110
00000000000000000101100100011111110001111100011101
00000000000000000101000110111111110001110010001111
00000000000000000101000010111111110001101000001001
00000000000000000101000111011111110001011101111010
00000000000000000101000110111111110001010011101100
00000000000000000101000010111111110001001001100110
00000000000000000100111010011111110000111111110001
00000000000000000100110001111111110000110110001101
00000000000000000100101001111111110000101100111001
00000000000000000100100001011111110000100011110110
00000000000000000100011000111111110000011011000100
00000000000000000100010100011111110000010010011011
00000000000000000100001100011111110000001010000010
00000000000000000100001100011111110000000001101001
00000000000000000011111011011111101111111001110010
00000000000000000011101010111111101111110010011100
00000000000000000011101010111111101111101011000110
00000000000000000011011001111111101111100100010010
00000000000000000011011001111111101111011101011110
00000000000000000010111100111111101111010111100100
00000000000000000011000100111111101111010001011010
00000000000000000011000000111111101111001011011000
00000000000000000010101011111111101111000110000000
00000000000000000010011111011111101111000001000001
00000000000000000010010110111111101110111100010011
00000000000000000010010010011111101110110111101110
00000000000000000010001010011111101110110011011001
00000000000000000001111101111111101110101111011101
00000000000000000001101100111111101110101100000011
00000000000000000001101000111111101110101000110001
00000000000000000001010111111111101110100110000001
00000000000000000001010011111111101110100011011001
00000000000000000001000110111111101110100001001011
00000000000000000001000010111111101110011111000101
00000000000000000000110110011111101110011101011000
00000000000000000000101001111111101110011100000100
00000000000000000000011001011111101110011011010001
00000000000000000000010000011111101110011010110000
00000000000000000000010000111111101110011010001110
11111111111111111111111111111111101110011010001110
11111111111111111111101110111111101110011010110000
11111111111111111111101111011111101110011011010001
11111111111111111111100110011111101110011100000100
11111111111111111111010101111111101110011101011000
11111111111111111111001001011111101110011111000101
11111111111111111110111100111111101110100001001011
11111111111111111110111000111111101110100011011001
11111111111111111110101011111111101110100110000001
11111111111111111110100111111111101110101000110001
11111111111111111110010110111111101110101100000011
11111111111111111110010010111111101110101111011101
11111111111111111110000001111111101110110011011001
11111111111111111101110101011111101110110111101110
11111111111111111101101101011111101110111100010011
11111111111111111101101000111111101111000001000001
11111111111111111101100000011111101111000110000000
11111111111111111101010011111111101111001011011000
11111111111111111100111110111111101111010001011010
11111111111111111100111010111111101111010111100100
11111111111111111101000010111111101111011101011110
11111111111111111100100101111111101111100100010010
11111111111111111100100101111111101111101011000110
11111111111111111100010100111111101111110010011100
11111111111111111100010100111111101111111001110010
11111111111111111100000100011111110000000001101001
11111111111111111011110011011111110000001010000010
11111111111111111011110011011111110000010010011011
11111111111111111011101011011111110000011011000100
11111111111111111011100110111111110000100011110110
11111111111111111011011110011111110000101100111001
11111111111111111011010101111111110000110110001101
11111111111111111011001101111111110000111111110001
11111111111111111011000101011111110001001001100110
11111111111111111010111100111111110001010011101100
11111111111111111010111000111111110001011101111010
11111111111111111010111000011111110001101000001001
11111111111111111010111100111111110001110010001111
11111111111111111010111000111111110001111100011101
11111111111111111010011011011111110010000111100110
11111111111111111010010111011111110010010010110111
11111111111111111011000000111111110010011100110101
11111111111111111010001010011111110010101000100000
11111111111111111010011111111111110010110011100000
11111111111111111010001110111111110010111111000010
11111111111111111010010010111111110011001010011100
11111111111111111010001110111111110011010101111110
11111111111111111010001010011111110011100001101001
11111111111111111010001010011111110011101101010100
11111111111111111010001110111111110011111000110110
11111111111111111010001110111111110100000100011000
11111111111111111010001010011111110100010000000011
11111111111111111010000010011111110100011011111110
11111111111111111001111101111111110100101000000010
11111111111111111001110101111111110100110100010110
11111111111111111001110101011111110101000000101011
11111111111111111001111001111111110101001100110111
11111111111111111010000110011111110101011000101010
11111111111111111010010111011111110101100011111011
11111111111111111010010010111111110101101111010101
11111111111111111001110101011111110101111011101010
11111111111111111001001111111111110110001001001010
11111111111111111011100110111111110110010001111100
11111111111111111001110101111111110110011110010000
11111111111111111010100011111111110110101001001000
11111111111111111010100111111111110110110011111000
11111111111111111010110000011111110110111110010111
11111111111111111010110100011111110111001000101110
11111111111111111010111100111111110111010010110100
11111111111111111010111100111111110111011100111010
11111111111111111011000101011111110111100110101111
11111111111111111011000101011111110111110000100100
11111111111111111011001001011111110111111010010001
11111111111111111011000101011111111000000100000110
11111111111111111011010001111111111000001101100010
11111111111111111011100010011111111000010110011101
11111111111111111011110011111111111000011110110101
11111111111111111100011000111111111000100110000011
11111111111111111100111110111111111000101100000101
11111111111111111101100000111111111000110001000011
11111111111111111101101000111111111000110101110001
11111111111111111100011101011111111000111100110110
11111111111111111000110010011111111001001011010001
00000000000000000010011010111111111001000110011011
11111111111111111100100101111111111001001101001111
11111111111111111110001110111111111001010000110001
11111111111111111110100011011111111001010011101010
11111111111111111110111000011111111001010101111001
11111111111111111111010001111111111001010111010101
11111111111111111111101010111111111001010111111111
00000000000000000000000100011111111001010111110110
00000000000000000000011100111111111001010110111100
00000000000000000000111110111111111001010100111110
00000000000000000001011100011111111001010010000101
00000000000000000001111001011111111001001110010010
00000000000000000010011010111111111001001001011100
00000000000000000011000101011111111001000011010001
00000000000000000011100110011111111000111100000100
00000000000000000100010000011111111000110011100011
00000000000000000100111010011111111000101001101110
00000000000000000101101000111111111000011110011100
00000000000000000110010110011111111000010001101111
00000000000000000111000100111111111000000011100101
11111110111101111001110010100001111100010000000000
00000000111110001000000000000000000000000000000000
00000000000000000000000000000000000000000000000000
