Copyright 1986-2016 Xilinx, Inc. All Rights Reserved.
-------------------------------------------------------------------------------------
| Tool Version : Vivado v.2016.4 (win64) Build 1756540 Mon Jan 23 19:11:23 MST 2017
| Date         : Sun Apr 16 00:55:38 2017
| Host         : DESKTOP-H30IADK running 64-bit major release  (build 9200)
| Command      : report_control_sets -verbose -file toplevel_control_sets_placed.rpt
| Design       : toplevel
| Device       : xc7a200t
-------------------------------------------------------------------------------------

Control Set Information

Table of Contents
-----------------
1. Summary
2. Flip-Flop Distribution
3. Detailed Control Set Information

1. Summary
----------

+----------------------------------------------------------+-------+
|                          Status                          | Count |
+----------------------------------------------------------+-------+
| Number of unique control sets                            |    11 |
| Unused register locations in slices containing registers |    31 |
+----------------------------------------------------------+-------+


2. Flip-Flop Distribution
-------------------------

+--------------+-----------------------+------------------------+-----------------+--------------+
| Clock Enable | Synchronous Set/Reset | Asynchronous Set/Reset | Total Registers | Total Slices |
+--------------+-----------------------+------------------------+-----------------+--------------+
| No           | No                    | No                     |               9 |            5 |
| No           | No                    | Yes                    |               0 |            0 |
| No           | Yes                   | No                     |              44 |           13 |
| Yes          | No                    | No                     |              15 |            5 |
| Yes          | No                    | Yes                    |               0 |            0 |
| Yes          | Yes                   | No                     |              21 |           10 |
+--------------+-----------------------+------------------------+-----------------+--------------+


3. Detailed Control Set Information
-----------------------------------

+-------------------------+------------------------------+-------------------------+------------------+----------------+
|       Clock Signal      |         Enable Signal        |     Set/Reset Signal    | Slice Load Count | Bel Load Count |
+-------------------------+------------------------------+-------------------------+------------------+----------------+
|  fsmclkmon/CLK          | codec/ready_n_0              | led_OBUF[0]             |                1 |              1 |
| ~serialclkmon/serialclk |                              |                         |                1 |              2 |
|  fsmclkmon/CLK          |                              |                         |                2 |              3 |
|  clkmon0/inst/clk_out1  |                              |                         |                2 |              4 |
| ~serialclkmon/serialclk |                              | led_OBUF[0]             |                3 |              6 |
|  fsmclkmon/CLK          | codec/curstate_n_0           | led_OBUF[0]             |                2 |              6 |
| ~serialclkmon/serialclk | codec/configbus/count_n_0    | led_OBUF[0]             |                4 |              7 |
| ~serialclkmon/serialclk | codec/pllconfigbus/count_n_0 | led_OBUF[0]             |                3 |              7 |
|  clkmon0/inst/clk_out1  |                              | serialclkmon/output_reg |                4 |             14 |
|  fsmclkmon/CLK          | codec/data[7]_i_1_n_0        |                         |                5 |             15 |
|  clkmon0/inst/clk_out1  |                              | fsmclkmon/output_reg    |                6 |             24 |
+-------------------------+------------------------------+-------------------------+------------------+----------------+


+--------+-----------------------+
| Fanout | Number of ControlSets |
+--------+-----------------------+
| 1      |                     1 |
| 2      |                     1 |
| 3      |                     1 |
| 4      |                     1 |
| 6      |                     2 |
| 7      |                     2 |
| 14     |                     1 |
| 15     |                     1 |
| 16+    |                     1 |
+--------+-----------------------+


