xxxxxxxxxxxxxxxxxxxxxxxxxxxxxxxx
00000000000000000000000000000000
00000000000000000000000000000000
00000000000000000000000000000000
00000000000000000000000000000000
00000000000000000000000000000000
00000000000000000000000000000000
00000000000000000000000000000000
00000000000000000000000000000000
00000000000000000000000000000000
00000000000000000000000000000000
00000000000000000000000000000000
00000000000000000000000000000000
00000000000000000000000000000000
00000000000000000000000000000000
00000000000000000000000000000000
00000000000000000000000000000000
00000000000000000000000000000000
00000000000000000000000000000000
00000000000000000000000000000000
00000000000000000000000000000000
00000000000000000000000000000000
00000000000000000000000000000000
00000000000000000000000000000000
00000000000000000000000000000000
00000000000000000000000000000000
00000000000000000000000000000000
00000000000000000000000000000000
00000000000000000000000000000000
00000000000000000000000000000000
00000000000000000000000000000000
00000000000000000000000000000000
00000000000000000000000000000000
00000000000000000000000000000000
00000000000000000000000000000000
00000000000000000000000000000000
00000000000000000000000000000000
00000000000000000000000000000000
00000000000000000000000000000000
00000000000000000000000000000000
00000000000000000000000000000000
00000000000000000000000000000000
00000000000000000000000000000000
00000000000000000000000000000000
00000000000000000000000000000000
00000000000000000000000000000000
00000000000000000000000000000000
00000000000000000000000000000000
00000000000000000000000000000000
00000000000000000000000000000000
00000000000000000000000000000000
00000000000000000000000000000000
00000000000000000000000000000000
00000000000000000000000000000000
00000000000000000000000000000000
00000000000000000000000000000000
00000000000000000000000000000000
00000000000000000000000000000000
00000000000000000000000000000000
00000000000000000000000000000000
00000000000000000000000000000000
00000000000000000000000000000000
00000000000000000000000000000000
00000000000000000000000000000000
00000000000000000000000000000000
00000000000000000000000000000000
00000000000000000000000000000000
00000000000000000000000000000000
00000000000000000000000000000000
00000000000000000000000000000000
00000000000000000000000000000000
00000000000000000000000000000000
00000000000000000000000000000000
00000000000000000000000000000000
00000000000000000000000000000000
00000000000000000000000000000000
00000000000000000000000000000000
00000000000000000000000000000000
00000000000000000000000000000000
00000000000000000000000000000000
00000000000000000000000000000000
00000000000000000000000000000000
00000000000000000000000000000000
00000000000000000000000000000000
00000000000000000000000000000000
00000000000000000000000000000000
00000000000000000000000000000000
00000000000000000000000000000000
00000000000000000000000000000000
00000000000000000000000000000000
00000000000000000000000000000000
00000000000000000000000000000000
00000000000000000000000000000000
00000000000000000000000000000000
00000000000000000000000000000000
00000000000000000000000000000000
00000000000000000000000000000000
00000000000000000000000000000000
00000000000000000000000000000000
00000000000000000000000000000000
00000000000000000000000000000000
00000000000000000000000000000000
00000000000000000000000000000000
00000000000000000000000000000000
00000000000000000000000000000000
00000000000000000000000000000000
00000000000000000000000000000000
00000000000000000000000000000000
00000000000000000000000000000000
00000000000000000000000000000000
00000000000000000000000000000000
00000000000000000000000000000000
00000000000000000000000000000000
00000000000000000000000000000000
00000000000000000000000000000000
00000000000000000000000000000000
00000000000000000000000000000000
00000000000000000000000000000000
00000000000000000000000000000000
00000000000000000000000000000000
00000000000000000000000000000000
00000000000000000000000000000000
00000000000000000000000000000000
00000000000000000000000000000000
00000000000000000000000000000000
00000000000000000000000000000000
00000000000000000000000000000000
00000000000000000000000000000000
00000000000000000000000000000000
00000000000000000000000000000000
00000000000000000000000000000000
00000000000000000000000000000000
00000000000000000000000000000000
00000000000000000000000000000000
00000000000000000000000000000000
00000000000000000000000000000000
00000000000000000000000000000000
00000000000000000000000000000000
00000000000000000000000000000000
00000000000000000000000000000000
00000000000000000000000000000000
00000000000000000000000000000000
00000000000000000000000000000000
00000000000000000000000000000000
00000000000000000000000000000000
00000000000000000000000000000000
00000000000000000000000000000000
00000000000000000000000000000000
00000000000000000000000000000000
00000000000000000000000000000000
00000000000000000000000000000000
00000000000000000000000000000000
00000000000000000000000000000000
00000000000000000000000000000000
00000000000000000000000000000000
00000000000000000000000000000000
00000000000000000000000000000000
00000000000000000000000000000000
00000000000000000000000000000000
00000000000000000000000000000000
00000000000000000000000000000000
00000000000000000000000000000000
00000000000000000000000000000000
00000000000000000000000000000000
00000000000000000000000000000000
00000000000000000000000000000000
00000000000000000000000000000000
00000000000000000000000000000000
00000000000000000000000000000000
00000000000000000000000000000000
00000000000000000000000000000000
00000000000000000000000000000000
00000000000000000000000000000000
00000000000000000000000000000000
00000000000000000000000000000000
00000000000000000000000000000000
00000000000000000000000000000000
00000000000000000000000000000000
00000000000000000000000000000000
00000000000000000000000000000000
00000000000000000000000000000000
00000000000000000000000000000000
00000000000000000000000000000000
00000000000000000000000000000000
00000000000000000000000000000000
00000000000000000000000000000000
00000000000000000000000000000000
00000000000000000000000000000000
00000000000000000000000000000000
00000000000000000000000000000000
00000000000000000000000000000000
00000000000000000000000000000000
00000000000000000000000000000000
00000000000000000000000000000000
00000000000000000000000000000000
00000000000000000000000000000000
00000000000000000000000000000000
00000000000000000000000000000000
00000000000000000000000000000000
00000000000000000000000000000000
00000000000000000000000000000000
00000000000000000000000000000000
00000000000000000000000000000000
00000000000000000000000000000000
00000000000000000000000000000000
00000000000000000000000000000000
00000000000000000000000000000000
00000000000000000000000000000000
10111101011110001000000000101100
10111101011110001000000000101100
10111101011110001000000000101100
00111101100001000011000111001101
10111000111000100111111000000000
10111000110010110110110010000000
10111000101101000101101011100000
10111000100111010100100101100000
10111000100010000101000010100000
10111000011001101010111111000000
10111000010001010010000111000000
10111000000110110011000010000000
10110111111100110100010100000000
10110111101110001000110100000000
10110111011110111010100000000000
10110110111010101110001000000000
10110101100001100011100000000000
00110110101001111100011000000000
00110111001110001000110100000000
00110111100011101001101100000000
00110111101110001000110010000000
00110111111000100111111010000000
00111000010110100001101010000000
10111000000110110011000010000000
00111000111001101010111111000000
00111000011000100111111001000000
00111000000101101111111010000000
00111000000111110110001001000000
00111000010000001111000001000000
00111000011001101010111111000000
00111000100001100011011111000000
00111000100011101001101101000000
00111000100101101111111010100000
00111000100111010100100101000000
00111000100110110011000010000000
00111000100111010100100101000000
00111000100111010100100110000000
00111000101000010111101100000000
00111000101000010111101100000000
00111000101001011010110011000000
00111000101001111100010111000000
00111000101010111111011110000000
00111000101011100001000001000000
00111000110001010010000111000000
00111000100011001000001010000000
00111000110110000000000111000000
00111000110001010010000111000000
00111000101101100111001111000000
00111000101101000101101100000000
00111000101111001011111001000000
00111000110000110000100100000000
00111000110001010010001000000000
00111000110001010010000111000000
00111000110000001111000001000000
00111000101111101101011101000000
00111000101110101010010110000000
00111000101110001000110010000000
00111000101110001000110011000000
00111000101110101010010110000000
00111000101110101010010110000000
00111000101110001000110011000000
00111000101101100111001111000000
00111000101110001000110010000000
00111000101100000010100101000000
00111000101110101010010110000000
00111000100111110110001001000000
00111000101101000101101011000000
00111000101100100100001000000000
00111000101000111001010000000000
00111000101000010111101100000000
00111000101000111001010000000000
00111000101000111001010000000000
00111000101000010111101100000000
00111000100111010100100101000000
00111000100110010001011111000000
00111000100101001110010111000000
00111000100100001011010000000000
00111000100011001000001010000000
00111000100010100110100110000000
00111000100001100011011111000000
00111000100001100011011110000000
00111000011110111010100100000000
00111000011010101110000100000000
00111000011010101110001000000000
00111000010110100001101000000000
00111000010110100001101100000000
00111000001111001011111000000000
00111000010001010010001000000000
00111000010000001111000000000000
00111000001010111111100000000000
00111000000111110110001000000000
00111000000101101111111100000000
00111000000100101100110100000000
00111000000010100110100100000000
00110111111110111010100000000000
00110111110110100001110000000000
00110111110100011011011000000000
00110111101100000010101000000000
00110111101001111100011000000000
00110111100011101001101000000000
00110111100001100011100000000000
00110111010110100001110000000000
00110111001001111100010000000000
00110110110010010101100000000000
00110110100001100011100000000000
00110110100001100011100000000000
10110110100001100011100000000000
10110110110010010101100000000000
10110111001001111100010000000000
10110111010110100001110000000000
10110111100001100011100000000000
10110111100011101001101000000000
10110111101001111100011000000000
10110111101100000010101000000000
10110111110100011011011000000000
10110111110110100001110000000000
10110111111110111010100000000000
10111000000010100110100100000000
10111000000100101100110100000000
10111000000101101111111100000000
10111000000111110110001000000000
10111000001010111111100000000000
10111000010000001111000000000000
10111000010001010010001000000000
10111000001111001011111000000000
10111000010110100001101100000000
10111000010110100001101000000000
10111000011010101110001000000000
10111000011010101110000100000000
10111000011110111010100100000000
10111000100001100011011110000000
10111000100001100011011111000000
10111000100010100110100110000000
10111000100011001000001010000000
10111000100100001011010000000000
10111000100101001110010111000000
10111000100110010001011111000000
10111000100111010100100101000000
10111000101000010111101100000000
10111000101000111001010000000000
10111000101000111001010000000000
10111000101000010111101100000000
10111000101000111001010000000000
10111000101100100100001000000000
10111000101101000101101011000000
10111000100111110110001001000000
10111000101110101010010110000000
10111000101100000010100101000000
10111000101110001000110010000000
10111000101101100111001111000000
10111000101110001000110011000000
10111000101110101010010110000000
10111000101110101010010110000000
10111000101110001000110011000000
10111000101110001000110010000000
10111000101110101010010110000000
10111000101111101101011101000000
10111000110000001111000001000000
10111000110001010010000111000000
10111000110001010010001000000000
10111000110000110000100100000000
10111000101111001011111001000000
10111000101101000101101100000000
10111000101101100111001111000000
10111000110001010010000111000000
10111000110110000000000111000000
10111000100011001000001010000000
10111000110001010010000111000000
10111000101011100001000001000000
10111000101010111111011110000000
10111000101001111100010111000000
10111000101001011010110011000000
10111000101000010111101100000000
10111000101000010111101100000000
10111000100111010100100110000000
10111000100111010100100101000000
10111000100110110011000010000000
10111000100111010100100101000000
10111000100101101111111010100000
10111000100011101001101101000000
10111000100001100011011111000000
10111000011001101010111111000000
10111000010000001111000001000000
10111000000111110110001001000000
10111000000101101111111010000000
10111000011000100111111001000000
10111000111001101010111111000000
00111000000110110011000010000000
10111000010110100001101010000000
10110111111000100111111010000000
10110111101110001000110010000000
10110111100011101001101100000000
10110111001110001000110100000000
10110110101001111100011000000000
00110101100001100011100000000000
00110110111010101110001000000000
00110111011110111010100000000000
00110111101110001000110100000000
00110111111100110100010100000000
00111000000110110011000010000000
00111000010001010010000111000000
00111000011001101010111111000000
00111000100010000101000010100000
00111000100111010100100101100000
00111000101101000101101011100000
00111000110010110110110010000000
00111000111000100111111000000000
10111101100001000011000110111110
00111101011110001000000000001111
00000000000000000000000000000000
00000000000000000000000000000000
